__main__.GestionSqlite - 2025-07-04 15:41:17,455 - INFO - GestionSqlite initialisée avec logger par défaut
__main__.GestionSqlite - 2025-07-04 15:41:17,458 - INFO - Connection faite et ouverte avec secure applique
__main__.GestionSqlite - 2025-07-04 15:41:17,479 - INFO - Début de la fermeture de la connexion BD
__main__.GestionSqlite - 2025-07-04 15:41:17,479 - INFO - Début du nettoyage de la base de données
__main__.GestionSqlite - 2025-07-04 15:41:17,486 - INFO - Nettoyage terminé avec succès
__main__.GestionSqlite - 2025-07-04 15:41:17,486 - INFO - Fermeture BD terminée avec succès
GestionSqlite - 2025-07-05 00:11:21,175 - INFO - GestionSqlite initialisée avec logger par défaut.
GestionSqlite - 2025-07-05 00:11:21,180 - INFO - Connection faite et ouverte avec secure applique.
GestionSqlite - 2025-07-05 00:11:21,195 - INFO - Début de la fermeture de la connexion BD.
GestionSqlite - 2025-07-05 00:11:21,195 - INFO - Début du nettoyage de la base de données.
GestionSqlite - 2025-07-05 00:11:21,200 - INFO - Nettoyage terminé avec succès.
GestionSqlite - 2025-07-05 00:11:21,200 - INFO - Fermeture BD terminée avec succès.
GestionSqlite - 2025-07-06 14:58:00,283 - INFO - GestionSqlite initialisée avec logger par défaut.
GestionSqlite - 2025-07-06 14:58:00,287 - INFO - Chargement des scriptes SQL fait.
GestionSqlite - 2025-07-06 14:58:00,288 - INFO - Connection faite et ouverte avec secure applique.
GestionSqlite - 2025-07-06 14:58:00,301 - INFO - Début de la fermeture de la connexion BD.
GestionSqlite - 2025-07-06 14:58:00,301 - INFO - Début du nettoyage de la base de données.
GestionSqlite - 2025-07-06 14:58:00,306 - INFO - Nettoyage terminé avec succès.
GestionSqlite - 2025-07-06 14:58:00,306 - INFO - Fermeture BD terminée avec succès.
GestionSqlite - 2025-07-06 18:39:55,232 - INFO - GestionSqlite initialisée avec logger par défaut.
GestionSqlite - 2025-07-06 18:39:55,235 - INFO - Chargement des scriptes SQL fait.
GestionSqlite - 2025-07-06 18:39:55,235 - INFO - Connection faite et ouverte avec secure applique.
GestionSqlite - 2025-07-06 18:39:55,255 - INFO - Début de la fermeture de la connexion BD.
GestionSqlite - 2025-07-06 18:39:55,255 - INFO - Début du nettoyage de la base de données.
GestionSqlite - 2025-07-06 18:39:55,262 - INFO - Nettoyage terminé avec succès.
GestionSqlite - 2025-07-06 18:39:55,262 - INFO - Fermeture BD terminée avec succès.
